<?xml version="1.0" encoding="UTF-8"?>
<!-- Generated by org.testng.reporters.JUnitReportReporter -->
<testsuite skipped="0" hostname="LAPTOP-EIMAG1O8" name="com.laznts.testcase.Login" tests="1" failures="0" timestamp="29 十月 2018 01:36:26 GMT" time="29.439" errors="0">
  <testcase name="testLogin" time="29.439" classname="com.laznts.testcase.Login"/>
</testsuite> <!-- com.laznts.testcase.Login -->
