<?xml version="1.0" encoding="UTF-8"?>
<!-- Generated by org.testng.reporters.JUnitReportReporter -->
<testsuite skipped="0" hostname="WIN-AKDEKFRDS37" name="com.laznts.testcase.Login" tests="1" failures="0" timestamp="23 八月 2018 13:45:34 GMT" time="14.032" errors="0">
  <testcase name="testLogin" time="14.032" classname="com.laznts.testcase.Login"/>
</testsuite> <!-- com.laznts.testcase.Login -->
